<?xml version="1.0" encoding="UTF-8"?>
<!-- Generated by org.testng.reporters.JUnitXMLReporter -->
<testsuite ignored="6" hostname="EQ-EQ6406700" failures="0" tests="2" name="groupingtest" time="0.046" errors="0" timestamp="2026-04-16T00:54:32 IST">
  <testcase classname="day44.PayementTests" name="paymentinRuppes" time="0.007"/>
  <testcase classname="day44.PayementTests" name="paymentinDollars" time="0.001"/>
  <testcase classname="day44.SignUpTest" name="signUpbyemail" time="0.0">
    <ignored/>
  </testcase> <!-- signUpbyemail -->
  <testcase classname="day44.LoginTests" name="loginbyEmail" time="0.0">
    <ignored/>
  </testcase> <!-- loginbyEmail -->
  <testcase classname="day44.SignUpTest" name="signUpbyFacebook" time="0.0">
    <ignored/>
  </testcase> <!-- signUpbyFacebook -->
  <testcase classname="day44.LoginTests" name="loginbyFacebook" time="0.0">
    <ignored/>
  </testcase> <!-- loginbyFacebook -->
  <testcase classname="day44.LoginTests" name="loginBytwitter" time="0.0">
    <ignored/>
  </testcase> <!-- loginBytwitter -->
  <testcase classname="day44.SignUpTest" name="signUpbyTwitter" time="0.0">
    <ignored/>
  </testcase> <!-- signUpbyTwitter -->
</testsuite> <!-- groupingtest -->
