<?xml version="1.0" encoding="UTF-8"?>
<!-- Generated by org.testng.reporters.JUnitXMLReporter -->
<testsuite ignored="0" hostname="EQ-EQ6406700" failures="0" tests="7" name="MyTest" time="17.483" errors="0" timestamp="2026-04-14T19:45:19 IST">
  <testcase classname="day42.OrangeHRMTest" name="openapp" time="10.764"/>
  <testcase classname="day42.OrangeHRMTest" name="testlogo" time="3.067"/>
  <testcase classname="day42.OrangeHRMTest" name="login" time="1.982"/>
  <testcase classname="day42.OrangeHRMTest" name="close" time="1.566"/>
  <testcase classname="day42.FirstTestCase" name="Logout" time="0.002"/>
  <testcase classname="day42.FirstTestCase" name="Login" time="0.002"/>
  <testcase classname="day42.FirstTestCase" name="openapp" time="0.003"/>
</testsuite> <!-- MyTest -->
