<?xml version="1.0" encoding="UTF-8"?>
<testng-results ignored="6" total="8" passed="2" failed="0" skipped="0">
  <reporter-output>
  </reporter-output>
  <suite started-at="2026-04-16T00:54:32 IST" name="groupingsuite" finished-at="2026-04-16T00:54:32 IST" duration-ms="46">
    <groups>
      <group name="functional">
        <method signature="PayementTests.paymentinRuppes()[pri:1, instance:day44.PayementTests@2e1d27ba]" name="paymentinRuppes" class="day44.PayementTests"/>
        <method signature="PayementTests.paymentinDollars()[pri:2, instance:day44.PayementTests@2e1d27ba]" name="paymentinDollars" class="day44.PayementTests"/>
      </group> <!-- functional -->
      <group name="regression">
        <method signature="PayementTests.paymentinRuppes()[pri:1, instance:day44.PayementTests@2e1d27ba]" name="paymentinRuppes" class="day44.PayementTests"/>
        <method signature="PayementTests.paymentinDollars()[pri:2, instance:day44.PayementTests@2e1d27ba]" name="paymentinDollars" class="day44.PayementTests"/>
      </group> <!-- regression -->
      <group name="sanity">
        <method signature="PayementTests.paymentinRuppes()[pri:1, instance:day44.PayementTests@2e1d27ba]" name="paymentinRuppes" class="day44.PayementTests"/>
        <method signature="PayementTests.paymentinDollars()[pri:2, instance:day44.PayementTests@2e1d27ba]" name="paymentinDollars" class="day44.PayementTests"/>
      </group> <!-- sanity -->
    </groups>
    <test started-at="2026-04-16T00:54:32 IST" name="groupingtest" finished-at="2026-04-16T00:54:32 IST" duration-ms="46">
      <class name="day44.PayementTests">
        <test-method signature="paymentinRuppes()[pri:1, instance:day44.PayementTests@2e1d27ba]" started-at="2026-04-16T00:54:32 IST" name="paymentinRuppes" finished-at="2026-04-16T00:54:32 IST" duration-ms="7" status="PASS">
          <reporter-output>
          </reporter-output>
        </test-method> <!-- paymentinRuppes -->
        <test-method signature="paymentinDollars()[pri:2, instance:day44.PayementTests@2e1d27ba]" started-at="2026-04-16T00:54:32 IST" name="paymentinDollars" finished-at="2026-04-16T00:54:32 IST" duration-ms="1" status="PASS">
          <reporter-output>
          </reporter-output>
        </test-method> <!-- paymentinDollars -->
      </class> <!-- day44.PayementTests -->
    </test> <!-- groupingtest -->
  </suite> <!-- groupingsuite -->
</testng-results>
