<?xml version="1.0" encoding="UTF-8"?>
<!-- Generated by org.testng.reporters.JUnitReportReporter -->
<testsuite hostname="EQ-EQ6406700" failures="0" tests="4" name="day42.OrangeHRMTest" time="17.379" errors="0" timestamp="2026-04-14T19:45:19 IST" skipped="0">
  <testcase classname="day42.OrangeHRMTest" name="openapp" time="10.764"/>
  <testcase classname="day42.OrangeHRMTest" name="testlogo" time="3.067"/>
  <testcase classname="day42.OrangeHRMTest" name="login" time="1.982"/>
  <testcase classname="day42.OrangeHRMTest" name="close" time="1.566"/>
</testsuite> <!-- day42.OrangeHRMTest -->
