<?xml version="1.0" encoding="UTF-8"?>
<!-- Generated by org.testng.reporters.JUnitReportReporter -->
<testsuite hostname="EQ-EQ6406700" failures="0" tests="3" name="day42.FirstTestCase" time="0.007" errors="0" timestamp="2026-04-14T19:45:19 IST" skipped="0">
  <testcase classname="day42.FirstTestCase" name="Logout" time="0.002"/>
  <testcase classname="day42.FirstTestCase" name="Login" time="0.002"/>
  <testcase classname="day42.FirstTestCase" name="openapp" time="0.003"/>
</testsuite> <!-- day42.FirstTestCase -->
