<?xml version="1.0" encoding="UTF-8"?>
<!-- Generated by org.testng.reporters.JUnitReportReporter -->
<testsuite hostname="EQ-EQ6406700" failures="0" tests="3" name="day44.SignUpTest" time="0.012" errors="0" timestamp="2026-04-16T00:47:11 IST" skipped="0">
  <testcase classname="day44.SignUpTest" name="signUpbyemail" time="0.010"/>
  <testcase classname="day44.SignUpTest" name="signUpbyFacebook" time="0.001"/>
  <testcase classname="day44.SignUpTest" name="signUpbyTwitter" time="0.001"/>
</testsuite> <!-- day44.SignUpTest -->
