<?xml version="1.0" encoding="UTF-8"?>
<!-- Generated by org.testng.reporters.JUnitReportReporter -->
<testsuite hostname="EQ-EQ6406700" failures="0" tests="3" name="day44.LoginTests" time="0.010" errors="0" timestamp="2026-04-16T00:54:12 IST" skipped="0">
  <testcase classname="day44.LoginTests" name="loginbyEmail" time="0.008"/>
  <testcase classname="day44.LoginTests" name="loginbyFacebook" time="0.001"/>
  <testcase classname="day44.LoginTests" name="loginBytwitter" time="0.001"/>
</testsuite> <!-- day44.LoginTests -->
